<?xml version="1.0" encoding="UTF-8"?>
<testng-results ignored="0" total="2" passed="2" failed="0" skipped="0">
  <reporter-output>
    <line>
      <![CDATA[pass]]>
    </line>
    <line>
      <![CDATA[pass1]]>
    </line>
  </reporter-output>
  <suite started-at="2022-05-31T11:50:35 IST" name="Default suite" finished-at="2022-05-31T11:50:35 IST" duration-ms="152">
    <groups>
      <group name="regreesion">
        <method signature="JenkinsTest.practiceTest2()[pri:0, instance:jenkins.practice.JenkinsTest@609db43b]" name="practiceTest2" class="jenkins.practice.JenkinsTest"/>
      </group> <!-- regreesion -->
      <group name="sanity">
        <method signature="JenkinsTest.practiceTest()[pri:0, instance:jenkins.practice.JenkinsTest@609db43b]" name="practiceTest" class="jenkins.practice.JenkinsTest"/>
      </group> <!-- sanity -->
    </groups>
    <test started-at="2022-05-31T11:50:35 IST" name="Default test" finished-at="2022-05-31T11:50:35 IST" duration-ms="152">
      <class name="jenkins.practice.JenkinsTest">
        <test-method signature="practiceTest()[pri:0, instance:jenkins.practice.JenkinsTest@609db43b]" started-at="2022-05-31T11:50:35 IST" name="practiceTest" finished-at="2022-05-31T11:50:35 IST" duration-ms="22" status="PASS">
          <reporter-output>
            <line>
              <![CDATA[pass]]>
            </line>
          </reporter-output>
        </test-method> <!-- practiceTest -->
        <test-method signature="practiceTest2()[pri:0, instance:jenkins.practice.JenkinsTest@609db43b]" started-at="2022-05-31T11:50:35 IST" name="practiceTest2" finished-at="2022-05-31T11:50:35 IST" duration-ms="9" status="PASS">
          <reporter-output>
            <line>
              <![CDATA[pass1]]>
            </line>
          </reporter-output>
        </test-method> <!-- practiceTest2 -->
      </class> <!-- jenkins.practice.JenkinsTest -->
    </test> <!-- Default test -->
  </suite> <!-- Default suite -->
</testng-results>
