<?xml version="1.0" encoding="UTF-8"?>
<testng-results ignored="0" total="2" passed="2" failed="0" skipped="0">
  <reporter-output>
    <line>
      <![CDATA[beforesuite3]]>
    </line>
    <line>
      <![CDATA[beforesuite2]]>
    </line>
    <line>
      <![CDATA[TestngPractice1---11111]]>
    </line>
    <line>
      <![CDATA[TestngPractice1---2]]>
    </line>
    <line>
      <![CDATA[aftersuite]]>
    </line>
    <line>
      <![CDATA[aftersuite3]]>
    </line>
  </reporter-output>
  <suite started-at="2022-05-31T11:33:09 IST" name="Default suite" finished-at="2022-05-31T11:33:09 IST" duration-ms="123">
    <groups>
    </groups>
    <test started-at="2022-05-31T11:33:09 IST" name="Default test" finished-at="2022-05-31T11:33:09 IST" duration-ms="123">
      <class name="jenkins.practice.PracticeTest">
        <test-method is-config="true" signature="beforeSuit3Test()[pri:0, instance:jenkins.practice.PracticeTest@5fd4f8f5]" started-at="2022-05-31T11:33:08 IST" name="beforeSuit3Test" finished-at="2022-05-31T11:33:09 IST" duration-ms="18" status="PASS">
          <reporter-output>
            <line>
              <![CDATA[beforesuite3]]>
            </line>
          </reporter-output>
        </test-method> <!-- beforeSuit3Test -->
        <test-method is-config="true" signature="beforeSuite2Test()[pri:0, instance:jenkins.practice.PracticeTest@5fd4f8f5]" started-at="2022-05-31T11:33:09 IST" name="beforeSuite2Test" finished-at="2022-05-31T11:33:09 IST" duration-ms="1" status="PASS">
          <reporter-output>
            <line>
              <![CDATA[beforesuite2]]>
            </line>
          </reporter-output>
        </test-method> <!-- beforeSuite2Test -->
        <test-method signature="practice1Test()[pri:0, instance:jenkins.practice.PracticeTest@5fd4f8f5]" started-at="2022-05-31T11:33:09 IST" name="practice1Test" finished-at="2022-05-31T11:33:09 IST" duration-ms="16" status="PASS">
          <reporter-output>
            <line>
              <![CDATA[TestngPractice1---11111]]>
            </line>
          </reporter-output>
        </test-method> <!-- practice1Test -->
        <test-method signature="practice2Test()[pri:0, instance:jenkins.practice.PracticeTest@5fd4f8f5]" started-at="2022-05-31T11:33:09 IST" name="practice2Test" finished-at="2022-05-31T11:33:09 IST" duration-ms="5" status="PASS">
          <reporter-output>
            <line>
              <![CDATA[TestngPractice1---2]]>
            </line>
          </reporter-output>
        </test-method> <!-- practice2Test -->
        <test-method is-config="true" signature="afterSuit4Test()[pri:0, instance:jenkins.practice.PracticeTest@5fd4f8f5]" started-at="2022-05-31T11:33:09 IST" name="afterSuit4Test" finished-at="2022-05-31T11:33:09 IST" duration-ms="1" status="PASS">
          <reporter-output>
            <line>
              <![CDATA[aftersuite]]>
            </line>
          </reporter-output>
        </test-method> <!-- afterSuit4Test -->
        <test-method is-config="true" signature="afterSuite3Test()[pri:0, instance:jenkins.practice.PracticeTest@5fd4f8f5]" started-at="2022-05-31T11:33:09 IST" name="afterSuite3Test" finished-at="2022-05-31T11:33:09 IST" duration-ms="0" status="PASS">
          <reporter-output>
            <line>
              <![CDATA[aftersuite3]]>
            </line>
          </reporter-output>
        </test-method> <!-- afterSuite3Test -->
      </class> <!-- jenkins.practice.PracticeTest -->
    </test> <!-- Default test -->
  </suite> <!-- Default suite -->
</testng-results>
